<?xml version="1.0" encoding="UTF-8"?>
<!-- Generated by org.testng.reporters.JUnitXMLReporter -->
<testsuite ignored="0" hostname="MCS-PC" failures="0" tests="4" name="testngTest" time="0.088" errors="0" timestamp="31 Jan 2019 06:19:24 GMT">
  <testcase classname="testNG.Demo" name="testCase1" time="0.007"/>
  <testcase classname="testNG.Demo" name="testCase2" time="0.002"/>
  <testcase classname="testNG.Demo22" name="testCase1" time="0.002"/>
  <testcase classname="testNG.Demo22" name="testCase2" time="0.033"/>
</testsuite> <!-- testngTest -->
