<?xml version="1.0" encoding="UTF-8"?>
<!-- Generated by org.testng.reporters.JUnitXMLReporter -->
<testsuite ignored="0" hostname="MCS-PC" failures="1" tests="1" name="Test" time="8.48" errors="0" timestamp="18 Apr 2020 15:48:50 GMT">
  <testcase classname="com.automation.testcases.loginTest" name="loginApp" time="0.007">
    <failure type="java.io.FileNotFoundException" message=".\testData\LoginTestData.xlsx (The system cannot find the file specified)">
      <![CDATA[java.io.FileNotFoundException: .\testData\LoginTestData.xlsx (The system cannot find the file specified)
at java.base/java.io.FileInputStream.open0(Native Method)
at java.base/java.io.FileInputStream.open(Unknown Source)
at java.base/java.io.FileInputStream.<init>(Unknown Source)
at com.automation.utility.ExcelDataProvider.<init>(ExcelDataProvider.java:15)
at com.automation.testcases.loginTest.loginApp(loginTest.java:16)
... Removed 25 stack frames]]>
    </failure>
  </testcase> <!-- loginApp -->
</testsuite> <!-- Test -->
